<?xml version="1.0" encoding="UTF-8"?>
<!-- Generated by org.testng.reporters.JUnitReportReporter -->
<testsuite hostname="MANPREET-KAUR" failures="0" tests="3" name="com.Manpreet.ProjectAssignment.SearchEnginePageTest" time="16.772" errors="0" timestamp="2024-02-02T17:21:59 EST" skipped="0">
  <testcase classname="com.Manpreet.ProjectAssignment.SearchEnginePageTest" name="testBingSearch" time="6.756"/>
  <system-out/>
  <testcase classname="com.Manpreet.ProjectAssignment.SearchEnginePageTest" name="testGoogleSearch" time="5.769"/>
  <system-out/>
  <testcase classname="com.Manpreet.ProjectAssignment.SearchEnginePageTest" name="testYahooSearch" time="4.247"/>
  <system-out/>
</testsuite> <!-- com.Manpreet.ProjectAssignment.SearchEnginePageTest -->
