<?xml version="1.0" encoding="UTF-8"?>
<!-- Generated by org.testng.reporters.JUnitReportReporter -->
<testsuite hostname="MANPREET-KAUR" failures="0" tests="1" name="com.Manpreet.ProjectAssignment.SearchPageTest" time="4.448" errors="0" timestamp="2024-02-02T01:00:31 EST" skipped="0">
  <testcase classname="com.Manpreet.ProjectAssignment.SearchPageTest" name="testSearchForSpecialCharacters" time="4.448"/>
  <system-out/>
</testsuite> <!-- com.Manpreet.ProjectAssignment.SearchPageTest -->
